[debug] [2023-07-27T08:49:16.055Z] ----------------------------------------------------------------------
[debug] [2023-07-27T08:49:16.057Z] Command:       /Users/mbp/.nvm/versions/node/v16.20.0/bin/node /Users/mbp/.nvm/versions/node/v16.20.0/bin/firebase init
[debug] [2023-07-27T08:49:16.058Z] CLI Version:   12.4.6
[debug] [2023-07-27T08:49:16.058Z] Platform:      darwin
[debug] [2023-07-27T08:49:16.058Z] Node Version:  v16.20.0
[debug] [2023-07-27T08:49:16.059Z] Time:          Thu Jul 27 2023 11:49:16 GMT+0300 (Israel Daylight Time)
[debug] [2023-07-27T08:49:16.059Z] ----------------------------------------------------------------------
[debug] 
[debug] [2023-07-27T08:49:16.065Z] > command requires scopes: ["email","openid","https://www.googleapis.com/auth/cloudplatformprojects.readonly","https://www.googleapis.com/auth/firebase","https://www.googleapis.com/auth/cloud-platform"]
[debug] [2023-07-27T08:49:16.065Z] > authorizing via signed-in user (yon.galili@gmail.com)
[info] 
     ######## #### ########  ######## ########     ###     ######  ########
     ##        ##  ##     ## ##       ##     ##  ##   ##  ##       ##
     ######    ##  ########  ######   ########  #########  ######  ######
     ##        ##  ##    ##  ##       ##     ## ##     ##       ## ##
     ##       #### ##     ## ######## ########  ##     ##  ######  ########

You're about to initialize a Firebase project in this directory:

  /Users/mbp/Documents/webstorm/fitness-tracker

[info] 
=== Project Setup
[info] 
[info] First, let's associate this project directory with a Firebase project.
[info] You can create multiple project aliases by running firebase use --add, 
[info] but for now we'll just set up a default project.
[info] 
[debug] [2023-07-27T08:49:33.484Z] > refreshing access token with scopes: []
[debug] [2023-07-27T08:49:33.486Z] >>> [apiv2][query] POST https://www.googleapis.com/oauth2/v3/token [none]
[debug] [2023-07-27T08:49:33.486Z] >>> [apiv2][body] POST https://www.googleapis.com/oauth2/v3/token [omitted]
[debug] [2023-07-27T08:49:33.762Z] <<< [apiv2][status] POST https://www.googleapis.com/oauth2/v3/token 200
[debug] [2023-07-27T08:49:33.763Z] <<< [apiv2][body] POST https://www.googleapis.com/oauth2/v3/token [omitted]
[debug] [2023-07-27T08:49:33.779Z] >>> [apiv2][query] GET https://firebase.googleapis.com/v1beta1/projects pageSize=100
[debug] [2023-07-27T08:49:34.664Z] <<< [apiv2][status] GET https://firebase.googleapis.com/v1beta1/projects 200
[debug] [2023-07-27T08:49:34.664Z] <<< [apiv2][body] GET https://firebase.googleapis.com/v1beta1/projects [omitted]
[info] i  Using project ng-exersice (ng-exersice) 
[info] 
=== Firestore Setup
[debug] [2023-07-27T08:49:38.756Z] >>> [apiv2][query] GET https://serviceusage.googleapis.com/v1/projects/ng-exersice/services/firestore.googleapis.com [none]
[debug] [2023-07-27T08:49:38.756Z] >>> [apiv2][(partial)header] GET https://serviceusage.googleapis.com/v1/projects/ng-exersice/services/firestore.googleapis.com x-goog-quota-user=projects/ng-exersice
[debug] [2023-07-27T08:49:40.091Z] <<< [apiv2][status] GET https://serviceusage.googleapis.com/v1/projects/ng-exersice/services/firestore.googleapis.com 200
[debug] [2023-07-27T08:49:40.092Z] <<< [apiv2][body] GET https://serviceusage.googleapis.com/v1/projects/ng-exersice/services/firestore.googleapis.com [omitted]
[debug] [2023-07-27T08:49:40.092Z] >>> [apiv2][query] GET https://firestore.googleapis.com/v1/projects/ng-exersice/databases/(default) [none]
[debug] [2023-07-27T08:49:40.703Z] <<< [apiv2][status] GET https://firestore.googleapis.com/v1/projects/ng-exersice/databases/(default) 200
[debug] [2023-07-27T08:49:40.703Z] <<< [apiv2][body] GET https://firestore.googleapis.com/v1/projects/ng-exersice/databases/(default) {"name":"projects/ng-exersice/databases/(default)","uid":"54ef9326-dab6-49df-b8a2-13716a74c254","createTime":"2023-07-27T08:48:49.392515Z","updateTime":"2023-07-27T08:48:49.392515Z","locationId":"europe-west3","type":"FIRESTORE_NATIVE","concurrencyMode":"PESSIMISTIC","versionRetentionPeriod":"3600s","earliestVersionTime":"2023-07-27T08:48:49.392515Z","appEngineIntegrationMode":"DISABLED","keyPrefix":"h","pointInTimeRecoveryEnablement":"POINT_IN_TIME_RECOVERY_DISABLED","deleteProtectionState":"DELETE_PROTECTION_DISABLED","etag":"IPPA59vAroADMIP3r8PAroAD"}
[debug] [2023-07-27T08:49:40.703Z] database_type: FIRESTORE_NATIVE
[debug] [2023-07-27T08:49:40.704Z] > command requires scopes: ["email","openid","https://www.googleapis.com/auth/cloudplatformprojects.readonly","https://www.googleapis.com/auth/firebase","https://www.googleapis.com/auth/cloud-platform"]
[debug] [2023-07-27T08:49:40.704Z] > authorizing via signed-in user (yon.galili@gmail.com)
[debug] [2023-07-27T08:49:40.705Z] [iam] checking project ng-exersice for permissions ["firebase.projects.get"]
[debug] [2023-07-27T08:49:40.706Z] >>> [apiv2][query] POST https://cloudresourcemanager.googleapis.com/v1/projects/ng-exersice:testIamPermissions [none]
[debug] [2023-07-27T08:49:40.707Z] >>> [apiv2][(partial)header] POST https://cloudresourcemanager.googleapis.com/v1/projects/ng-exersice:testIamPermissions x-goog-quota-user=projects/ng-exersice
[debug] [2023-07-27T08:49:40.707Z] >>> [apiv2][body] POST https://cloudresourcemanager.googleapis.com/v1/projects/ng-exersice:testIamPermissions {"permissions":["firebase.projects.get"]}
[debug] [2023-07-27T08:49:42.546Z] <<< [apiv2][status] POST https://cloudresourcemanager.googleapis.com/v1/projects/ng-exersice:testIamPermissions 200
[debug] [2023-07-27T08:49:42.547Z] <<< [apiv2][body] POST https://cloudresourcemanager.googleapis.com/v1/projects/ng-exersice:testIamPermissions {"permissions":["firebase.projects.get"]}
[info] 
[info] Firestore Security Rules allow you to define how and when to allow
[info] requests. You can keep these rules in your project directory
[info] and publish them with firebase deploy.
[info] 
[debug] [2023-07-27T08:49:47.551Z] >>> [apiv2][query] GET https://firebaserules.googleapis.com/v1/projects/ng-exersice/releases pageSize=10&pageToken=
[debug] [2023-07-27T08:49:48.510Z] <<< [apiv2][status] GET https://firebaserules.googleapis.com/v1/projects/ng-exersice/releases 200
[debug] [2023-07-27T08:49:48.510Z] <<< [apiv2][body] GET https://firebaserules.googleapis.com/v1/projects/ng-exersice/releases {"releases":[{"name":"projects/ng-exersice/releases/cloud.firestore","rulesetName":"projects/ng-exersice/rulesets/76eed646-e726-473b-8321-2d7b5eabf903","createTime":"2023-07-27T08:48:54.510614Z","updateTime":"2023-07-27T08:48:54.510614Z"}]}
[debug] [2023-07-27T08:49:48.510Z] Found ruleset: projects/ng-exersice/rulesets/76eed646-e726-473b-8321-2d7b5eabf903
[debug] [2023-07-27T08:49:48.511Z] >>> [apiv2][query] GET https://firebaserules.googleapis.com/v1/projects/ng-exersice/rulesets/76eed646-e726-473b-8321-2d7b5eabf903 [none]
[debug] [2023-07-27T08:49:48.873Z] <<< [apiv2][status] GET https://firebaserules.googleapis.com/v1/projects/ng-exersice/rulesets/76eed646-e726-473b-8321-2d7b5eabf903 200
[debug] [2023-07-27T08:49:48.874Z] <<< [apiv2][body] GET https://firebaserules.googleapis.com/v1/projects/ng-exersice/rulesets/76eed646-e726-473b-8321-2d7b5eabf903 [omitted]
[info] 
[info] Firestore indexes allow you to perform complex queries while
[info] maintaining performance that scales with the size of the result
[info] set. You can keep index definitions in your project directory
[info] and publish them with firebase deploy.
[info] 
[debug] [2023-07-27T08:49:50.511Z] >>> [apiv2][query] GET https://firestore.googleapis.com/v1/projects/ng-exersice/databases/(default)/collectionGroups/-/indexes [none]
[debug] [2023-07-27T08:49:50.512Z] >>> [apiv2][query] GET https://firestore.googleapis.com/v1/projects/ng-exersice/databases/(default)/collectionGroups/-/fields?filter=indexConfig.usesAncestorConfig=false OR ttlConfig:* [none]
[debug] [2023-07-27T08:49:51.045Z] <<< [apiv2][status] GET https://firestore.googleapis.com/v1/projects/ng-exersice/databases/(default)/collectionGroups/-/indexes 200
[debug] [2023-07-27T08:49:51.045Z] <<< [apiv2][body] GET https://firestore.googleapis.com/v1/projects/ng-exersice/databases/(default)/collectionGroups/-/indexes {}
[debug] [2023-07-27T08:49:51.392Z] <<< [apiv2][status] GET https://firestore.googleapis.com/v1/projects/ng-exersice/databases/(default)/collectionGroups/-/fields?filter=indexConfig.usesAncestorConfig=false OR ttlConfig:* 200
[debug] [2023-07-27T08:49:51.393Z] <<< [apiv2][body] GET https://firestore.googleapis.com/v1/projects/ng-exersice/databases/(default)/collectionGroups/-/fields?filter=indexConfig.usesAncestorConfig=false OR ttlConfig:* {"fields":[{"name":"projects/ng-exersice/databases/(default)/collectionGroups/__default__/fields/*","indexConfig":{"indexes":[{"queryScope":"COLLECTION","fields":[{"fieldPath":"*","order":"ASCENDING"}],"state":"READY"},{"queryScope":"COLLECTION","fields":[{"fieldPath":"*","order":"DESCENDING"}],"state":"READY"},{"queryScope":"COLLECTION","fields":[{"fieldPath":"*","arrayConfig":"CONTAINS"}],"state":"READY"}]}}]}
[info] 
=== Functions Setup
[debug] [2023-07-27T08:49:51.394Z] > command requires scopes: ["email","openid","https://www.googleapis.com/auth/cloudplatformprojects.readonly","https://www.googleapis.com/auth/firebase","https://www.googleapis.com/auth/cloud-platform"]
[debug] [2023-07-27T08:49:51.394Z] > authorizing via signed-in user (yon.galili@gmail.com)
[debug] [2023-07-27T08:49:51.395Z] [iam] checking project ng-exersice for permissions ["firebase.projects.get"]
[debug] [2023-07-27T08:49:51.395Z] >>> [apiv2][query] POST https://cloudresourcemanager.googleapis.com/v1/projects/ng-exersice:testIamPermissions [none]
[debug] [2023-07-27T08:49:51.395Z] >>> [apiv2][(partial)header] POST https://cloudresourcemanager.googleapis.com/v1/projects/ng-exersice:testIamPermissions x-goog-quota-user=projects/ng-exersice
[debug] [2023-07-27T08:49:51.395Z] >>> [apiv2][body] POST https://cloudresourcemanager.googleapis.com/v1/projects/ng-exersice:testIamPermissions {"permissions":["firebase.projects.get"]}
[debug] [2023-07-27T08:49:52.479Z] <<< [apiv2][status] POST https://cloudresourcemanager.googleapis.com/v1/projects/ng-exersice:testIamPermissions 200
[debug] [2023-07-27T08:49:52.479Z] <<< [apiv2][body] POST https://cloudresourcemanager.googleapis.com/v1/projects/ng-exersice:testIamPermissions {"permissions":["firebase.projects.get"]}
[debug] [2023-07-27T08:49:52.480Z] >>> [apiv2][query] GET https://serviceusage.googleapis.com/v1/projects/ng-exersice/services/cloudfunctions.googleapis.com [none]
[debug] [2023-07-27T08:49:52.480Z] >>> [apiv2][(partial)header] GET https://serviceusage.googleapis.com/v1/projects/ng-exersice/services/cloudfunctions.googleapis.com x-goog-quota-user=projects/ng-exersice
[debug] [2023-07-27T08:49:52.482Z] >>> [apiv2][query] GET https://serviceusage.googleapis.com/v1/projects/ng-exersice/services/runtimeconfig.googleapis.com [none]
[debug] [2023-07-27T08:49:52.482Z] >>> [apiv2][(partial)header] GET https://serviceusage.googleapis.com/v1/projects/ng-exersice/services/runtimeconfig.googleapis.com x-goog-quota-user=projects/ng-exersice
[debug] [2023-07-27T08:49:53.709Z] <<< [apiv2][status] GET https://serviceusage.googleapis.com/v1/projects/ng-exersice/services/cloudfunctions.googleapis.com 200
[debug] [2023-07-27T08:49:53.710Z] <<< [apiv2][body] GET https://serviceusage.googleapis.com/v1/projects/ng-exersice/services/cloudfunctions.googleapis.com [omitted]
[debug] [2023-07-27T08:49:53.712Z] >>> [apiv2][query] POST https://serviceusage.googleapis.com/v1/projects/ng-exersice/services/cloudfunctions.googleapis.com:enable [none]
[debug] [2023-07-27T08:49:53.713Z] >>> [apiv2][(partial)header] POST https://serviceusage.googleapis.com/v1/projects/ng-exersice/services/cloudfunctions.googleapis.com:enable x-goog-quota-user=projects/ng-exersice
[debug] [2023-07-27T08:49:53.724Z] <<< [apiv2][status] GET https://serviceusage.googleapis.com/v1/projects/ng-exersice/services/runtimeconfig.googleapis.com 200
[debug] [2023-07-27T08:49:53.724Z] <<< [apiv2][body] GET https://serviceusage.googleapis.com/v1/projects/ng-exersice/services/runtimeconfig.googleapis.com [omitted]
[debug] [2023-07-27T08:49:55.652Z] <<< [apiv2][status] POST https://serviceusage.googleapis.com/v1/projects/ng-exersice/services/cloudfunctions.googleapis.com:enable 200
[debug] [2023-07-27T08:49:55.652Z] <<< [apiv2][body] POST https://serviceusage.googleapis.com/v1/projects/ng-exersice/services/cloudfunctions.googleapis.com:enable [omitted]
[debug] [2023-07-27T08:50:05.654Z] >>> [apiv2][query] GET https://serviceusage.googleapis.com/v1/projects/ng-exersice/services/cloudfunctions.googleapis.com [none]
[debug] [2023-07-27T08:50:05.655Z] >>> [apiv2][(partial)header] GET https://serviceusage.googleapis.com/v1/projects/ng-exersice/services/cloudfunctions.googleapis.com x-goog-quota-user=projects/ng-exersice
[debug] [2023-07-27T08:50:06.905Z] <<< [apiv2][status] GET https://serviceusage.googleapis.com/v1/projects/ng-exersice/services/cloudfunctions.googleapis.com 200
[debug] [2023-07-27T08:50:06.905Z] <<< [apiv2][body] GET https://serviceusage.googleapis.com/v1/projects/ng-exersice/services/cloudfunctions.googleapis.com [omitted]
[info] Let's create a new codebase for your functions.
[info] A directory corresponding to the codebase will be created in your project
[info] with sample code pre-configured.

[info] See https://firebase.google.com/docs/functions/organize-functions for
[info] more information on organizing your functions using codebases.

[info] Functions can be deployed with firebase deploy.

[info] ✔  Wrote functions/package.json 
[info] ✔  Wrote functions/.eslintrc.js 
[info] ✔  Wrote functions/tsconfig.json 
[info] ✔  Wrote functions/tsconfig.dev.json 
[info] ✔  Wrote functions/src/index.ts 
[info] ✔  Wrote functions/.gitignore 
[info] 
=== Hosting Setup
[info] 
[info] Your public directory is the folder (relative to your project directory) that
[info] will contain Hosting assets to be uploaded with firebase deploy. If you
[info] have a build process for your assets, use your build's output directory.
[info] 
[debug] [2023-07-27T08:53:50.496Z] >>> [apiv2][query] GET https://www.gstatic.com/firebasejs/releases.json [none]
[debug] [2023-07-27T08:53:50.679Z] <<< [apiv2][status] GET https://www.gstatic.com/firebasejs/releases.json 200
[debug] [2023-07-27T08:53:50.680Z] <<< [apiv2][body] GET https://www.gstatic.com/firebasejs/releases.json {"current":{"version":"10.1.0","browserURL":"https://www.gstatic.com/firebasejs/10.1.0/firebase.js","packageURL":"https://www.gstatic.com/firebasejs/10.1.0/firebase.tgz"},"live":{"version":"10.1","browserURL":"https://www.gstatic.com/firebasejs/live/10.1/firebase.js","packageURL":"https://www.gstatic.com/firebasejs/live/10.1/firebase.tgz"},"components":{"analytics":"https://www.gstatic.com/firebasejs/10.1.0/firebase-analytics.js","app":"https://www.gstatic.com/firebasejs/10.1.0/firebase-app.js","app-check":"https://www.gstatic.com/firebasejs/10.1.0/firebase-app-check.js","auth":"https://www.gstatic.com/firebasejs/10.1.0/firebase-auth.js","auth/cordova":"https://www.gstatic.com/firebasejs/10.1.0/firebase-auth/cordova.js","functions":"https://www.gstatic.com/firebasejs/10.1.0/firebase-functions.js","firestore":"https://www.gstatic.com/firebasejs/10.1.0/firebase-firestore.js","firestore/lite":"https://www.gstatic.com/firebasejs/10.1.0/firebase-firestore/lite.js","installations":"https://www.gstatic.com/firebasejs/10.1.0/firebase-installations.js","storage":"https://www.gstatic.com/firebasejs/10.1.0/firebase-storage.js","performance":"https://www.gstatic.com/firebasejs/10.1.0/firebase-performance.js","remote-config":"https://www.gstatic.com/firebasejs/10.1.0/firebase-remote-config.js","messaging":"https://www.gstatic.com/firebasejs/10.1.0/firebase-messaging.js","messaging/sw":"https://www.gstatic.com/firebasejs/10.1.0/firebase-messaging/sw.js","database":"https://www.gstatic.com/firebasejs/10.1.0/firebase-database.js","firestore.memory":"https://www.gstatic.com/firebasejs/10.1.0/firebase-firestore.memory.js"}}
[info] ✔  Wrote public/index.html 
[info] 
[info] i  Detected a .git folder at /Users/mbp/Documents/webstorm/fitness-tracker 
[info] i  Authorizing with GitHub to upload your service account to a GitHub repository's secrets store. 
[info] 
[info] Visit this URL on this device to log in:
[info] https://github.com/login/oauth/authorize?client_id=89cf50f02ac6aaed3484&state=997407823&redirect_uri=http%3A%2F%2Flocalhost%3A9005&scope=read%3Auser%20repo%20public_repo
[info] 
[info] Waiting for authentication...
[debug] [2023-07-27T08:54:02.634Z] >>> [apiv2][query] POST https://github.com/login/oauth/access_token [none]
[debug] [2023-07-27T08:54:02.635Z] >>> [apiv2][body] POST https://github.com/login/oauth/access_token [stream]
[debug] [2023-07-27T08:54:03.089Z] <<< [apiv2][status] POST https://github.com/login/oauth/access_token 200
[debug] [2023-07-27T08:54:03.089Z] <<< [apiv2][body] POST https://github.com/login/oauth/access_token {"access_token":"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","token_type":"bearer","scope":"read:user,repo"}
[debug] [2023-07-27T08:54:03.100Z] >>> [apiv2][query] GET https://api.github.com/user [none]
[debug] [2023-07-27T08:54:03.767Z] <<< [apiv2][status] GET https://api.github.com/user 200
[debug] [2023-07-27T08:54:03.768Z] <<< [apiv2][body] GET https://api.github.com/user {"login":"galiliyo","id":18016906,"node_id":"MDQ6VXNlcjE4MDE2OTA2","avatar_url":"https://avatars.githubusercontent.com/u/18016906?v=4","gravatar_id":"","url":"https://api.github.com/users/galiliyo","html_url":"https://github.com/galiliyo","followers_url":"https://api.github.com/users/galiliyo/followers","following_url":"https://api.github.com/users/galiliyo/following{/other_user}","gists_url":"https://api.github.com/users/galiliyo/gists{/gist_id}","starred_url":"https://api.github.com/users/galiliyo/starred{/owner}{/repo}","subscriptions_url":"https://api.github.com/users/galiliyo/subscriptions","organizations_url":"https://api.github.com/users/galiliyo/orgs","repos_url":"https://api.github.com/users/galiliyo/repos","events_url":"https://api.github.com/users/galiliyo/events{/privacy}","received_events_url":"https://api.github.com/users/galiliyo/received_events","type":"User","site_admin":false,"name":null,"company":null,"blog":"","location":null,"email":null,"hireable":null,"bio":null,"twitter_username":null,"public_repos":17,"public_gists":0,"followers":0,"following":0,"created_at":"2016-03-22T22:06:10Z","updated_at":"2023-07-19T07:03:56Z","private_gists":12,"total_private_repos":3,"owned_private_repos":3,"disk_usage":176722,"collaborators":2,"two_factor_authentication":true,"plan":{"name":"free","space":976562499,"collaborators":0,"private_repos":10000}}
[info] 
[info] ✔  Success! Logged into GitHub as galiliyo 
[info] 
